
*** Running vivado
    with args -log design_citireSD_axi_bram_ctrl_1_0.vds -m64 -product Vivado -mode batch -messageDb vivado.pb -notrace -source design_citireSD_axi_bram_ctrl_1_0.tcl



****** Vivado v2024.1 (64-bit)
  **** SW Build 5076996 on Wed May 22 18:37:14 MDT 2024
  **** IP Build 5075265 on Wed May 22 21:45:21 MDT 2024
  **** SharedData Build 5076995 on Wed May 22 18:29:18 MDT 2024
  **** Start of session at: Wed Nov 19 12:30:07 2025
    ** Copyright 1986-2022 Xilinx, Inc. All Rights Reserved.
    ** Copyright 2022-2024 Advanced Micro Devices, Inc. All Rights Reserved.

source design_citireSD_axi_bram_ctrl_1_0.tcl -notrace
create_project: Time (s): cpu = 00:00:09 ; elapsed = 00:00:10 . Memory (MB): peak = 569.820 ; gain = 239.906
INFO: [IP_Flow 19-6924] IPCACHE: Running cache check for IP inst: design_citireSD_axi_bram_ctrl_1_0
INFO: [IP_Flow 19-6922] IPCACHE: Exporting cached entry 0a4b9564404c615e to dir: C:/ssc/PROIECT/vivado/Citire_SD/Citire_SD.runs/design_citireSD_axi_bram_ctrl_1_0_synth_1
INFO: [IP_Flow 19-6928] IPCACHE: copied cached file c:/ssc/PROIECT/vivado/Citire_SD/Citire_SD.cache/ip/2024.1/0/a/0a4b9564404c615e/design_citireSD_axi_bram_ctrl_0_0.dcp to C:/ssc/PROIECT/vivado/Citire_SD/Citire_SD.runs/design_citireSD_axi_bram_ctrl_1_0_synth_1/design_citireSD_axi_bram_ctrl_1_0.dcp.
INFO: [IP_Flow 19-6928] IPCACHE: copied cached file c:/ssc/PROIECT/vivado/Citire_SD/Citire_SD.cache/ip/2024.1/0/a/0a4b9564404c615e/design_citireSD_axi_bram_ctrl_0_0_sim_netlist.v to C:/ssc/PROIECT/vivado/Citire_SD/Citire_SD.runs/design_citireSD_axi_bram_ctrl_1_0_synth_1/design_citireSD_axi_bram_ctrl_1_0_sim_netlist.v.
INFO: [IP_Flow 19-6928] IPCACHE: copied cached file c:/ssc/PROIECT/vivado/Citire_SD/Citire_SD.cache/ip/2024.1/0/a/0a4b9564404c615e/design_citireSD_axi_bram_ctrl_0_0_sim_netlist.vhdl to C:/ssc/PROIECT/vivado/Citire_SD/Citire_SD.runs/design_citireSD_axi_bram_ctrl_1_0_synth_1/design_citireSD_axi_bram_ctrl_1_0_sim_netlist.vhdl.
INFO: [IP_Flow 19-6928] IPCACHE: copied cached file c:/ssc/PROIECT/vivado/Citire_SD/Citire_SD.cache/ip/2024.1/0/a/0a4b9564404c615e/design_citireSD_axi_bram_ctrl_0_0_stub.v to C:/ssc/PROIECT/vivado/Citire_SD/Citire_SD.runs/design_citireSD_axi_bram_ctrl_1_0_synth_1/design_citireSD_axi_bram_ctrl_1_0_stub.v.
INFO: [IP_Flow 19-6928] IPCACHE: copied cached file c:/ssc/PROIECT/vivado/Citire_SD/Citire_SD.cache/ip/2024.1/0/a/0a4b9564404c615e/design_citireSD_axi_bram_ctrl_0_0_stub.vhdl to C:/ssc/PROIECT/vivado/Citire_SD/Citire_SD.runs/design_citireSD_axi_bram_ctrl_1_0_synth_1/design_citireSD_axi_bram_ctrl_1_0_stub.vhdl.
INFO: [IP_Flow 19-4838] Using cached IP synthesis design for IP design_citireSD_axi_bram_ctrl_1_0, cache-ID = 0a4b9564404c615e.
INFO: [Common 17-206] Exiting Vivado at Wed Nov 19 12:30:19 2025...
